<?xml version="1.0" encoding="UTF-8"?>
<testsuite name="com.carnation.fallalert.ContractTest" tests="9" skipped="0" failures="0" errors="0" timestamp="2026-08-16T05:33:22" hostname="DESKTOP-45B17UT" time="0.232">
  <properties/>
  <testcase name="선택 필드가 없으면 인코딩 결과에도 나타나지 않는다" classname="com.carnation.fallalert.ContractTest" time="0.13"/>
  <testcase name="직렬화 왕복 후에도 동일하다" classname="com.carnation.fallalert.ContractTest" time="0.002"/>
  <testcase name="명세 1장 예시를 그대로 파싱한다" classname="com.carnation.fallalert.ContractTest" time="0.014"/>
  <testcase name="스트림 메시지는 type 키로 판별된다" classname="com.carnation.fallalert.ContractTest" time="0.068"/>
  <testcase name="확인 결과는 snake_case 로 나간다" classname="com.carnation.fallalert.ContractTest" time="0.003"/>
  <testcase name="계약 위반은 이유와 함께 걸러진다" classname="com.carnation.fallalert.ContractTest" time="0.008"/>
  <testcase name="타임존 없는 detected_at 은 거부한다" classname="com.carnation.fallalert.ContractTest" time="0.003"/>
  <testcase name="알 수 없는 필드가 추가돼도 죽지 않는다" classname="com.carnation.fallalert.ContractTest" time="0.001"/>
  <testcase name="no_recovery_sec 가 없어도 파싱된다" classname="com.carnation.fallalert.ContractTest" time="0.001"/>
  <system-out><![CDATA[]]></system-out>
  <system-err><![CDATA[]]></system-err>
</testsuite>
