<?xml version="1.0" encoding="UTF-8"?>
<testsuite name="com.carnation.fallalert.server.ApiTest" tests="13" skipped="0" failures="0" errors="0" timestamp="2026-08-16T05:20:19" hostname="DESKTOP-45B17UT" time="4.821">
  <properties/>
  <testcase name="health 는 시드 이벤트 수를 알려준다" classname="com.carnation.fallalert.server.ApiTest" time="4.097"/>
  <testcase name="모르는 window_id 확인은 404" classname="com.carnation.fallalert.server.ApiTest" time="0.074"/>
  <testcase name="WebSocket 은 hello 후 새 이벤트를 밀어 준다" classname="com.carnation.fallalert.server.ApiTest" time="0.272"/>
  <testcase name="이벤트를 등록하면 목록에 나타난다" classname="com.carnation.fallalert.server.ApiTest" time="0.074"/>
  <testcase name="깨진 JSON 은 400 으로 거부한다" classname="com.carnation.fallalert.server.ApiTest" time="0.083"/>
  <testcase name="WebSocket 은 확인 상태 변경도 밀어 준다" classname="com.carnation.fallalert.server.ApiTest" time="0.05"/>
  <testcase name="확인 결과를 기록한다" classname="com.carnation.fallalert.server.ApiTest" time="0.027"/>
  <testcase name="타임존 없는 detected_at 은 422 로 막는다" classname="com.carnation.fallalert.server.ApiTest" time="0.032"/>
  <testcase name="잘못된 enum 값은 무엇이 틀렸는지 알려준다" classname="com.carnation.fallalert.server.ApiTest" time="0.023"/>
  <testcase name="확인 결과 재전송은 멱등이다" classname="com.carnation.fallalert.server.ApiTest" time="0.027"/>
  <testcase name="경로와 본문의 window_id 가 다르면 400" classname="com.carnation.fallalert.server.ApiTest" time="0.018"/>
  <testcase name="시드 이벤트를 최신순으로 돌려준다" classname="com.carnation.fallalert.server.ApiTest" time="0.018"/>
  <testcase name="계약 위반 이벤트는 422 로 거부한다" classname="com.carnation.fallalert.server.ApiTest" time="0.022"/>
  <system-out><![CDATA[14:20:22.925 INFO  io.ktor.test - No ktor.deployment.watch patterns specified, automatic reload is not active.
14:20:23.383 INFO  io.ktor.test - 낙상 의심 알림 서버 시작 — 시드 이벤트 4건
14:20:23.387 INFO  io.ktor.test - Application started in 0.519 seconds.
14:20:23.388 INFO  io.ktor.test - Application started: io.ktor.server.application.Application@668ecd73
14:20:23.393 INFO  io.ktor.test - Responding at http://localhost:80
14:20:23.394 INFO  io.ktor.test - Responding at https://localhost:443
]]></system-out>
  <system-err><![CDATA[]]></system-err>
</testsuite>
